<?xml version="1.0" encoding="UTF-8"?>
<!-- Generated by org.testng.reporters.JUnitReportReporter -->
<testsuite skipped="0" hostname="m-C02WP2KXHTD5" name="com.amazinKart.promotions.PromotionManagerTest" tests="2" failures="0" timestamp="18 Sep 2019 06:51:20 GMT" time="6.222" errors="0">
  <testcase name="promotionTestwhenPromotionnotExist" time="2.508" classname="com.amazinKart.promotions.PromotionManagerTest"/>
  <testcase name="promotionTest" time="3.714" classname="com.amazinKart.promotions.PromotionManagerTest"/>
</testsuite> <!-- com.amazinKart.promotions.PromotionManagerTest -->
